/home/sivax/pony_quadruped/install/pony_control/lib/python3.12/site-packages/pony_control/leg_controller.py
/home/sivax/pony_quadruped/install/pony_control/lib/python3.12/site-packages/pony_control/motor_controller.py
/home/sivax/pony_quadruped/install/pony_control/lib/python3.12/site-packages/pony_control/__init__.py
/home/sivax/pony_quadruped/install/pony_control/lib/python3.12/site-packages/pony_control/keyboard_teleop.py
/home/sivax/pony_quadruped/install/pony_control/lib/python3.12/site-packages/pony_control/quadruped_controller.py
/home/sivax/pony_quadruped/install/pony_control/lib/python3.12/site-packages/pony_control/utils/math_utils.py
/home/sivax/pony_quadruped/install/pony_control/lib/python3.12/site-packages/pony_control/utils/can_utils.py
/home/sivax/pony_quadruped/install/pony_control/lib/python3.12/site-packages/pony_control/utils/constants.py
/home/sivax/pony_quadruped/install/pony_control/lib/python3.12/site-packages/pony_control/utils/__init__.py
/home/sivax/pony_quadruped/install/pony_control/lib/python3.12/site-packages/pony_control/__pycache__/leg_controller.cpython-312.pyc
/home/sivax/pony_quadruped/install/pony_control/lib/python3.12/site-packages/pony_control/__pycache__/motor_controller.cpython-312.pyc
/home/sivax/pony_quadruped/install/pony_control/lib/python3.12/site-packages/pony_control/__pycache__/__init__.cpython-312.pyc
/home/sivax/pony_quadruped/install/pony_control/lib/python3.12/site-packages/pony_control/__pycache__/keyboard_teleop.cpython-312.pyc
/home/sivax/pony_quadruped/install/pony_control/lib/python3.12/site-packages/pony_control/__pycache__/quadruped_controller.cpython-312.pyc
/home/sivax/pony_quadruped/install/pony_control/lib/python3.12/site-packages/pony_control/utils/__pycache__/math_utils.cpython-312.pyc
/home/sivax/pony_quadruped/install/pony_control/lib/python3.12/site-packages/pony_control/utils/__pycache__/can_utils.cpython-312.pyc
/home/sivax/pony_quadruped/install/pony_control/lib/python3.12/site-packages/pony_control/utils/__pycache__/constants.cpython-312.pyc
/home/sivax/pony_quadruped/install/pony_control/lib/python3.12/site-packages/pony_control/utils/__pycache__/__init__.cpython-312.pyc
/home/sivax/pony_quadruped/install/pony_control/share/ament_index/resource_index/packages/pony_control
/home/sivax/pony_quadruped/install/pony_control/share/pony_control/package.xml
/home/sivax/pony_quadruped/install/pony_control/share/pony_control/launch/quadruped_control.launch.py
/home/sivax/pony_quadruped/install/pony_control/share/pony_control/launch/single_leg_test.launch.py
/home/sivax/pony_quadruped/install/pony_control/share/pony_control/launch/single_motor_test.launch.py
/home/sivax/pony_quadruped/install/pony_control/share/pony_control/config/motor_params.yaml
/home/sivax/pony_quadruped/install/pony_control/share/pony_control/config/robot_config.yaml
/home/sivax/pony_quadruped/install/pony_control/lib/python3.12/site-packages/pony_control-1.0.0-py3.12.egg-info/dependency_links.txt
/home/sivax/pony_quadruped/install/pony_control/lib/python3.12/site-packages/pony_control-1.0.0-py3.12.egg-info/PKG-INFO
/home/sivax/pony_quadruped/install/pony_control/lib/python3.12/site-packages/pony_control-1.0.0-py3.12.egg-info/entry_points.txt
/home/sivax/pony_quadruped/install/pony_control/lib/python3.12/site-packages/pony_control-1.0.0-py3.12.egg-info/requires.txt
/home/sivax/pony_quadruped/install/pony_control/lib/python3.12/site-packages/pony_control-1.0.0-py3.12.egg-info/top_level.txt
/home/sivax/pony_quadruped/install/pony_control/lib/python3.12/site-packages/pony_control-1.0.0-py3.12.egg-info/zip-safe
/home/sivax/pony_quadruped/install/pony_control/lib/python3.12/site-packages/pony_control-1.0.0-py3.12.egg-info/SOURCES.txt
/home/sivax/pony_quadruped/install/pony_control/bin/quadruped_control
/home/sivax/pony_quadruped/install/pony_control/bin/test_single_leg
/home/sivax/pony_quadruped/install/pony_control/bin/test_single_motor
