[6.869s] Invoking command in '/home/sivax/pony_quadruped/src/pony_control': DEBUGINFOD_URLS=https://debuginfod.ubuntu.com PS1=(py) \[\e]0;\u@\h: \w\a\]${debian_chroot:+($debian_chroot)}\[\033[01;32m\]\u@\h\[\033[00m\]:\[\033[01;34m\]\w\[\033[00m\]\$ PYTHONPATH=/home/sivax/pony_quadruped/build/pony_control/prefix_override:/usr/lib/python3/dist-packages/colcon_core/task/python/colcon_distutils_commands:/home/sivax/pony_quadruped/install/pony_control/lib/python3.12/site-packages:${PYTHONPATH} VIRTUAL_ENV_PROMPT=(py) /usr/bin/python3 -W ignore:setup.py install is deprecated -W ignore:easy_install command is deprecated setup.py egg_info --egg-base ../../build/pony_control build --build-base /home/sivax/pony_quadruped/build/pony_control/build install --record /home/sivax/pony_quadruped/build/pony_control/install.log --single-version-externally-managed install_data
[8.457s] running egg_info
[8.570s] writing ../../build/pony_control/pony_control.egg-info/PKG-INFO
[8.571s] writing dependency_links to ../../build/pony_control/pony_control.egg-info/dependency_links.txt
[8.573s] writing entry points to ../../build/pony_control/pony_control.egg-info/entry_points.txt
[8.577s] writing requirements to ../../build/pony_control/pony_control.egg-info/requires.txt
[8.578s] writing top-level names to ../../build/pony_control/pony_control.egg-info/top_level.txt
[8.836s] reading manifest file '../../build/pony_control/pony_control.egg-info/SOURCES.txt'
[8.841s] writing manifest file '../../build/pony_control/pony_control.egg-info/SOURCES.txt'
[8.842s] running build
[8.842s] running build_py
[8.843s] copying pony_control/motor_controller.py -> /home/sivax/pony_quadruped/build/pony_control/build/lib/pony_control
[8.846s] copying pony_control/utils/can_utils.py -> /home/sivax/pony_quadruped/build/pony_control/build/lib/pony_control/utils
[8.847s] copying pony_control/utils/constants.py -> /home/sivax/pony_quadruped/build/pony_control/build/lib/pony_control/utils
[8.850s] running install
[8.874s] running install_lib
[8.988s] copying /home/sivax/pony_quadruped/build/pony_control/build/lib/pony_control/motor_controller.py -> /home/sivax/pony_quadruped/install/pony_control/lib/python3.12/site-packages/pony_control
[8.991s] copying /home/sivax/pony_quadruped/build/pony_control/build/lib/pony_control/utils/can_utils.py -> /home/sivax/pony_quadruped/install/pony_control/lib/python3.12/site-packages/pony_control/utils
[8.992s] copying /home/sivax/pony_quadruped/build/pony_control/build/lib/pony_control/utils/constants.py -> /home/sivax/pony_quadruped/install/pony_control/lib/python3.12/site-packages/pony_control/utils
[8.997s] byte-compiling /home/sivax/pony_quadruped/install/pony_control/lib/python3.12/site-packages/pony_control/motor_controller.py to motor_controller.cpython-312.pyc
[9.025s] byte-compiling /home/sivax/pony_quadruped/install/pony_control/lib/python3.12/site-packages/pony_control/utils/can_utils.py to can_utils.cpython-312.pyc
[9.031s] byte-compiling /home/sivax/pony_quadruped/install/pony_control/lib/python3.12/site-packages/pony_control/utils/constants.py to constants.cpython-312.pyc
[9.037s] running install_data
[9.038s] running install_egg_info
[9.152s] removing '/home/sivax/pony_quadruped/install/pony_control/lib/python3.12/site-packages/pony_control-1.0.0-py3.12.egg-info' (and everything under it)
[9.154s] Copying ../../build/pony_control/pony_control.egg-info to /home/sivax/pony_quadruped/install/pony_control/lib/python3.12/site-packages/pony_control-1.0.0-py3.12.egg-info
[9.160s] running install_scripts
[10.474s] Installing quadruped_control script to /home/sivax/pony_quadruped/install/pony_control/bin
[10.475s] Installing test_single_leg script to /home/sivax/pony_quadruped/install/pony_control/bin
[10.476s] Installing test_single_motor script to /home/sivax/pony_quadruped/install/pony_control/bin
[10.479s] writing list of installed files to '/home/sivax/pony_quadruped/build/pony_control/install.log'
[10.694s] Invoked command in '/home/sivax/pony_quadruped/src/pony_control' returned '0': DEBUGINFOD_URLS=https://debuginfod.ubuntu.com PS1=(py) \[\e]0;\u@\h: \w\a\]${debian_chroot:+($debian_chroot)}\[\033[01;32m\]\u@\h\[\033[00m\]:\[\033[01;34m\]\w\[\033[00m\]\$ PYTHONPATH=/home/sivax/pony_quadruped/build/pony_control/prefix_override:/usr/lib/python3/dist-packages/colcon_core/task/python/colcon_distutils_commands:/home/sivax/pony_quadruped/install/pony_control/lib/python3.12/site-packages:${PYTHONPATH} VIRTUAL_ENV_PROMPT=(py) /usr/bin/python3 -W ignore:setup.py install is deprecated -W ignore:easy_install command is deprecated setup.py egg_info --egg-base ../../build/pony_control build --build-base /home/sivax/pony_quadruped/build/pony_control/build install --record /home/sivax/pony_quadruped/build/pony_control/install.log --single-version-externally-managed install_data
