[5.826s] Invoking command in '/home/sivax/pony_quadruped/src/pony_control': DEBUGINFOD_URLS=https://debuginfod.ubuntu.com PS1=(py) \[\e]0;\u@\h: \w\a\]${debian_chroot:+($debian_chroot)}\[\033[01;32m\]\u@\h\[\033[00m\]:\[\033[01;34m\]\w\[\033[00m\]\$ PYTHONPATH=/home/sivax/pony_quadruped/build/pony_control/prefix_override:/usr/lib/python3/dist-packages/colcon_core/task/python/colcon_distutils_commands:/home/sivax/pony_quadruped/install/pony_control/lib/python3.12/site-packages:${PYTHONPATH} VIRTUAL_ENV_PROMPT=(py) /usr/bin/python3 -W ignore:setup.py install is deprecated -W ignore:easy_install command is deprecated setup.py egg_info --egg-base ../../build/pony_control build --build-base /home/sivax/pony_quadruped/build/pony_control/build install --record /home/sivax/pony_quadruped/build/pony_control/install.log --single-version-externally-managed install_data
[7.432s] running egg_info
[7.542s] writing ../../build/pony_control/pony_control.egg-info/PKG-INFO
[7.543s] writing dependency_links to ../../build/pony_control/pony_control.egg-info/dependency_links.txt
[7.544s] writing entry points to ../../build/pony_control/pony_control.egg-info/entry_points.txt
[7.545s] writing requirements to ../../build/pony_control/pony_control.egg-info/requires.txt
[7.547s] writing top-level names to ../../build/pony_control/pony_control.egg-info/top_level.txt
[7.780s] reading manifest file '../../build/pony_control/pony_control.egg-info/SOURCES.txt'
[7.789s] writing manifest file '../../build/pony_control/pony_control.egg-info/SOURCES.txt'
[7.792s] running build
[7.797s] running build_py
[7.799s] copying pony_control/motor_controller.py -> /home/sivax/pony_quadruped/build/pony_control/build/lib/pony_control
[7.806s] copying pony_control/__init__.py -> /home/sivax/pony_quadruped/build/pony_control/build/lib/pony_control
[7.814s] copying pony_control/utils/__init__.py -> /home/sivax/pony_quadruped/build/pony_control/build/lib/pony_control/utils
[7.815s] running install
[7.838s] running install_lib
[7.950s] copying /home/sivax/pony_quadruped/build/pony_control/build/lib/pony_control/motor_controller.py -> /home/sivax/pony_quadruped/install/pony_control/lib/python3.12/site-packages/pony_control
[7.953s] copying /home/sivax/pony_quadruped/build/pony_control/build/lib/pony_control/utils/__init__.py -> /home/sivax/pony_quadruped/install/pony_control/lib/python3.12/site-packages/pony_control/utils
[7.954s] copying /home/sivax/pony_quadruped/build/pony_control/build/lib/pony_control/__init__.py -> /home/sivax/pony_quadruped/install/pony_control/lib/python3.12/site-packages/pony_control
[7.957s] byte-compiling /home/sivax/pony_quadruped/install/pony_control/lib/python3.12/site-packages/pony_control/motor_controller.py to motor_controller.cpython-312.pyc
[7.966s] byte-compiling /home/sivax/pony_quadruped/install/pony_control/lib/python3.12/site-packages/pony_control/utils/__init__.py to __init__.cpython-312.pyc
[7.968s] byte-compiling /home/sivax/pony_quadruped/install/pony_control/lib/python3.12/site-packages/pony_control/__init__.py to __init__.cpython-312.pyc
[7.970s] running install_data
[7.971s] copying resource/pony_control -> /home/sivax/pony_quadruped/install/pony_control/share/ament_index/resource_index/packages
[7.973s] running install_egg_info
[8.113s] removing '/home/sivax/pony_quadruped/install/pony_control/lib/python3.12/site-packages/pony_control-1.0.0-py3.12.egg-info' (and everything under it)
[8.115s] Copying ../../build/pony_control/pony_control.egg-info to /home/sivax/pony_quadruped/install/pony_control/lib/python3.12/site-packages/pony_control-1.0.0-py3.12.egg-info
[8.121s] running install_scripts
[9.024s] Installing quadruped_control script to /home/sivax/pony_quadruped/install/pony_control/bin
[9.026s] Installing test_single_leg script to /home/sivax/pony_quadruped/install/pony_control/bin
[9.027s] Installing test_single_motor script to /home/sivax/pony_quadruped/install/pony_control/bin
[9.032s] writing list of installed files to '/home/sivax/pony_quadruped/build/pony_control/install.log'
[9.241s] Invoked command in '/home/sivax/pony_quadruped/src/pony_control' returned '0': DEBUGINFOD_URLS=https://debuginfod.ubuntu.com PS1=(py) \[\e]0;\u@\h: \w\a\]${debian_chroot:+($debian_chroot)}\[\033[01;32m\]\u@\h\[\033[00m\]:\[\033[01;34m\]\w\[\033[00m\]\$ PYTHONPATH=/home/sivax/pony_quadruped/build/pony_control/prefix_override:/usr/lib/python3/dist-packages/colcon_core/task/python/colcon_distutils_commands:/home/sivax/pony_quadruped/install/pony_control/lib/python3.12/site-packages:${PYTHONPATH} VIRTUAL_ENV_PROMPT=(py) /usr/bin/python3 -W ignore:setup.py install is deprecated -W ignore:easy_install command is deprecated setup.py egg_info --egg-base ../../build/pony_control build --build-base /home/sivax/pony_quadruped/build/pony_control/build install --record /home/sivax/pony_quadruped/build/pony_control/install.log --single-version-externally-managed install_data
