[0.591s] DEBUG:colcon:Command line arguments: ['/usr/bin/colcon', 'build', '--packages-select', 'pony_control']
[0.591s] DEBUG:colcon:Parsed command line arguments: Namespace(log_base=None, log_level=None, verb_name='build', build_base='build', install_base='install', merge_install=False, symlink_install=False, test_result_base=None, continue_on_error=False, executor='parallel', parallel_workers=4, event_handlers=None, ignore_user_meta=False, metas=['./colcon.meta'], base_paths=['.'], packages_ignore=None, packages_ignore_regex=None, paths=None, packages_up_to=None, packages_up_to_regex=None, packages_above=None, packages_above_and_dependencies=None, packages_above_depth=None, packages_select_by_dep=None, packages_skip_by_dep=None, packages_skip_up_to=None, packages_select_build_failed=False, packages_skip_build_finished=False, packages_select_test_failures=False, packages_skip_test_passed=False, packages_select=['pony_control'], packages_skip=None, packages_select_regex=None, packages_skip_regex=None, packages_start=None, packages_end=None, allow_overriding=[], cmake_args=None, cmake_target=None, cmake_target_skip_unavailable=False, cmake_clean_cache=False, cmake_clean_first=False, cmake_force_configure=False, ament_cmake_args=None, catkin_cmake_args=None, catkin_skip_building_tests=False, verb_parser=<colcon_defaults.argument_parser.defaults.DefaultArgumentsDecorator object at 0xffff8c132330>, verb_extension=<colcon_core.verb.build.BuildVerb object at 0xffff8c2eec90>, main=<bound method BuildVerb.main of <colcon_core.verb.build.BuildVerb object at 0xffff8c2eec90>>)
[0.785s] Level 1:colcon.colcon_core.package_discovery:discover_packages(colcon_meta) check parameters
[0.785s] Level 1:colcon.colcon_core.package_discovery:discover_packages(recursive) check parameters
[0.786s] Level 1:colcon.colcon_core.package_discovery:discover_packages(ignore) check parameters
[0.786s] Level 1:colcon.colcon_core.package_discovery:discover_packages(path) check parameters
[0.786s] Level 1:colcon.colcon_core.package_discovery:discover_packages(colcon_meta) discover
[0.786s] Level 1:colcon.colcon_core.package_discovery:discover_packages(recursive) discover
[0.786s] INFO:colcon.colcon_core.package_discovery:Crawling recursively for packages in '/home/sivax/pony_quadruped'
[0.787s] Level 1:colcon.colcon_core.package_identification:_identify(.) by extensions ['ignore', 'ignore_ament_install']
[0.787s] Level 1:colcon.colcon_core.package_identification:_identify(.) by extension 'ignore'
[0.788s] Level 1:colcon.colcon_core.package_identification:_identify(.) by extension 'ignore_ament_install'
[0.788s] Level 1:colcon.colcon_core.package_identification:_identify(.) by extensions ['colcon_pkg']
[0.788s] Level 1:colcon.colcon_core.package_identification:_identify(.) by extension 'colcon_pkg'
[0.788s] Level 1:colcon.colcon_core.package_identification:_identify(.) by extensions ['colcon_meta']
[0.788s] Level 1:colcon.colcon_core.package_identification:_identify(.) by extension 'colcon_meta'
[0.788s] Level 1:colcon.colcon_core.package_identification:_identify(.) by extensions ['ros']
[0.788s] Level 1:colcon.colcon_core.package_identification:_identify(.) by extension 'ros'
[0.920s] Level 1:colcon.colcon_core.package_identification:_identify(.) by extensions ['cmake', 'python']
[0.921s] Level 1:colcon.colcon_core.package_identification:_identify(.) by extension 'cmake'
[0.921s] Level 1:colcon.colcon_core.package_identification:_identify(.) by extension 'python'
[0.921s] Level 1:colcon.colcon_core.package_identification:_identify(.) by extensions ['python_setup_py']
[0.921s] Level 1:colcon.colcon_core.package_identification:_identify(.) by extension 'python_setup_py'
[0.922s] Level 1:colcon.colcon_core.package_identification:_identify(build) by extensions ['ignore', 'ignore_ament_install']
[0.922s] Level 1:colcon.colcon_core.package_identification:_identify(build) by extension 'ignore'
[0.922s] Level 1:colcon.colcon_core.package_identification:_identify(build) ignored
[0.923s] Level 1:colcon.colcon_core.package_identification:_identify(install) by extensions ['ignore', 'ignore_ament_install']
[0.923s] Level 1:colcon.colcon_core.package_identification:_identify(install) by extension 'ignore'
[0.924s] Level 1:colcon.colcon_core.package_identification:_identify(install) ignored
[0.924s] Level 1:colcon.colcon_core.package_identification:_identify(log) by extensions ['ignore', 'ignore_ament_install']
[0.925s] Level 1:colcon.colcon_core.package_identification:_identify(log) by extension 'ignore'
[0.925s] Level 1:colcon.colcon_core.package_identification:_identify(log) ignored
[0.925s] Level 1:colcon.colcon_core.package_identification:_identify(src) by extensions ['ignore', 'ignore_ament_install']
[0.926s] Level 1:colcon.colcon_core.package_identification:_identify(src) by extension 'ignore'
[0.926s] Level 1:colcon.colcon_core.package_identification:_identify(src) by extension 'ignore_ament_install'
[0.926s] Level 1:colcon.colcon_core.package_identification:_identify(src) by extensions ['colcon_pkg']
[0.926s] Level 1:colcon.colcon_core.package_identification:_identify(src) by extension 'colcon_pkg'
[0.926s] Level 1:colcon.colcon_core.package_identification:_identify(src) by extensions ['colcon_meta']
[0.926s] Level 1:colcon.colcon_core.package_identification:_identify(src) by extension 'colcon_meta'
[0.927s] Level 1:colcon.colcon_core.package_identification:_identify(src) by extensions ['ros']
[0.927s] Level 1:colcon.colcon_core.package_identification:_identify(src) by extension 'ros'
[0.927s] Level 1:colcon.colcon_core.package_identification:_identify(src) by extensions ['cmake', 'python']
[0.927s] Level 1:colcon.colcon_core.package_identification:_identify(src) by extension 'cmake'
[0.927s] Level 1:colcon.colcon_core.package_identification:_identify(src) by extension 'python'
[0.928s] Level 1:colcon.colcon_core.package_identification:_identify(src) by extensions ['python_setup_py']
[0.928s] Level 1:colcon.colcon_core.package_identification:_identify(src) by extension 'python_setup_py'
[0.928s] Level 1:colcon.colcon_core.package_identification:_identify(src/pony_control) by extensions ['ignore', 'ignore_ament_install']
[0.929s] Level 1:colcon.colcon_core.package_identification:_identify(src/pony_control) by extension 'ignore'
[0.929s] Level 1:colcon.colcon_core.package_identification:_identify(src/pony_control) by extension 'ignore_ament_install'
[0.929s] Level 1:colcon.colcon_core.package_identification:_identify(src/pony_control) by extensions ['colcon_pkg']
[0.929s] Level 1:colcon.colcon_core.package_identification:_identify(src/pony_control) by extension 'colcon_pkg'
[0.930s] Level 1:colcon.colcon_core.package_identification:_identify(src/pony_control) by extensions ['colcon_meta']
[0.930s] Level 1:colcon.colcon_core.package_identification:_identify(src/pony_control) by extension 'colcon_meta'
[0.930s] Level 1:colcon.colcon_core.package_identification:_identify(src/pony_control) by extensions ['ros']
[0.930s] Level 1:colcon.colcon_core.package_identification:_identify(src/pony_control) by extension 'ros'
[0.947s] DEBUG:colcon.colcon_core.package_identification:Package 'src/pony_control' with type 'ros.ament_python' and name 'pony_control'
[0.947s] Level 1:colcon.colcon_core.package_discovery:discover_packages(recursive) using defaults
[0.947s] Level 1:colcon.colcon_core.package_discovery:discover_packages(ignore) discover
[0.948s] Level 1:colcon.colcon_core.package_discovery:discover_packages(ignore) using defaults
[0.948s] Level 1:colcon.colcon_core.package_discovery:discover_packages(path) discover
[0.948s] Level 1:colcon.colcon_core.package_discovery:discover_packages(path) using defaults
[1.064s] Level 1:colcon.colcon_core.package_discovery:discover_packages(prefix_path) check parameters
[1.065s] Level 1:colcon.colcon_core.package_discovery:discover_packages(prefix_path) discover
[1.074s] DEBUG:colcon.colcon_installed_package_information.package_discovery:Found 1 installed packages in /home/sivax/pony_quadruped/install
[1.085s] DEBUG:colcon.colcon_installed_package_information.package_discovery:Found 286 installed packages in /opt/ros/jazzy
[1.089s] Level 1:colcon.colcon_core.package_discovery:discover_packages(prefix_path) using defaults
[1.365s] Level 5:colcon.colcon_core.verb:set package 'pony_control' build argument 'cmake_args' from command line to 'None'
[1.366s] Level 5:colcon.colcon_core.verb:set package 'pony_control' build argument 'cmake_target' from command line to 'None'
[1.366s] Level 5:colcon.colcon_core.verb:set package 'pony_control' build argument 'cmake_target_skip_unavailable' from command line to 'False'
[1.366s] Level 5:colcon.colcon_core.verb:set package 'pony_control' build argument 'cmake_clean_cache' from command line to 'False'
[1.366s] Level 5:colcon.colcon_core.verb:set package 'pony_control' build argument 'cmake_clean_first' from command line to 'False'
[1.366s] Level 5:colcon.colcon_core.verb:set package 'pony_control' build argument 'cmake_force_configure' from command line to 'False'
[1.366s] Level 5:colcon.colcon_core.verb:set package 'pony_control' build argument 'ament_cmake_args' from command line to 'None'
[1.366s] Level 5:colcon.colcon_core.verb:set package 'pony_control' build argument 'catkin_cmake_args' from command line to 'None'
[1.366s] Level 5:colcon.colcon_core.verb:set package 'pony_control' build argument 'catkin_skip_building_tests' from command line to 'False'
[1.367s] DEBUG:colcon.colcon_core.verb:Building package 'pony_control' with the following arguments: {'ament_cmake_args': None, 'build_base': '/home/sivax/pony_quadruped/build/pony_control', 'catkin_cmake_args': None, 'catkin_skip_building_tests': False, 'cmake_args': None, 'cmake_clean_cache': False, 'cmake_clean_first': False, 'cmake_force_configure': False, 'cmake_target': None, 'cmake_target_skip_unavailable': False, 'install_base': '/home/sivax/pony_quadruped/install/pony_control', 'merge_install': False, 'path': '/home/sivax/pony_quadruped/src/pony_control', 'symlink_install': False, 'test_result_base': None}
[1.367s] INFO:colcon.colcon_core.executor:Executing jobs using 'parallel' executor
[1.371s] DEBUG:colcon.colcon_parallel_executor.executor.parallel:run_until_complete
[1.373s] INFO:colcon.colcon_ros.task.ament_python.build:Building ROS package in '/home/sivax/pony_quadruped/src/pony_control' with build type 'ament_python'
[1.373s] Level 1:colcon.colcon_core.shell:create_environment_hook('pony_control', 'ament_prefix_path')
[1.383s] INFO:colcon.colcon_core.plugin_system:Skipping extension 'colcon_core.shell.bat': Not used on non-Windows systems
[1.385s] INFO:colcon.colcon_core.shell:Creating environment hook '/home/sivax/pony_quadruped/install/pony_control/share/pony_control/hook/ament_prefix_path.ps1'
[1.391s] INFO:colcon.colcon_core.shell:Creating environment descriptor '/home/sivax/pony_quadruped/install/pony_control/share/pony_control/hook/ament_prefix_path.dsv'
[1.398s] INFO:colcon.colcon_core.shell:Creating environment hook '/home/sivax/pony_quadruped/install/pony_control/share/pony_control/hook/ament_prefix_path.sh'
[1.408s] INFO:colcon.colcon_core.shell:Skip shell extension 'powershell' for command environment: Not usable outside of PowerShell
[1.408s] DEBUG:colcon.colcon_core.shell:Skip shell extension 'dsv' for command environment
[3.110s] INFO:colcon.colcon_core.task.python.build:Building Python package in '/home/sivax/pony_quadruped/src/pony_control'
[3.113s] INFO:colcon.colcon_core.shell:Skip shell extension 'powershell' for command environment: Not usable outside of PowerShell
[3.115s] DEBUG:colcon.colcon_core.shell:Skip shell extension 'dsv' for command environment
[7.200s] DEBUG:colcon.colcon_core.event_handler.log_command:Invoking command in '/home/sivax/pony_quadruped/src/pony_control': DEBUGINFOD_URLS=https://debuginfod.ubuntu.com PS1=(py) \[\e]0;\u@\h: \w\a\]${debian_chroot:+($debian_chroot)}\[\033[01;32m\]\u@\h\[\033[00m\]:\[\033[01;34m\]\w\[\033[00m\]\$ PYTHONPATH=/home/sivax/pony_quadruped/build/pony_control/prefix_override:/usr/lib/python3/dist-packages/colcon_core/task/python/colcon_distutils_commands:/home/sivax/pony_quadruped/install/pony_control/lib/python3.12/site-packages:${PYTHONPATH} VIRTUAL_ENV_PROMPT=(py) /usr/bin/python3 -W ignore:setup.py install is deprecated -W ignore:easy_install command is deprecated setup.py egg_info --egg-base ../../build/pony_control build --build-base /home/sivax/pony_quadruped/build/pony_control/build install --record /home/sivax/pony_quadruped/build/pony_control/install.log --single-version-externally-managed install_data
[10.615s] DEBUG:colcon.colcon_core.event_handler.log_command:Invoked command in '/home/sivax/pony_quadruped/src/pony_control' returned '0': DEBUGINFOD_URLS=https://debuginfod.ubuntu.com PS1=(py) \[\e]0;\u@\h: \w\a\]${debian_chroot:+($debian_chroot)}\[\033[01;32m\]\u@\h\[\033[00m\]:\[\033[01;34m\]\w\[\033[00m\]\$ PYTHONPATH=/home/sivax/pony_quadruped/build/pony_control/prefix_override:/usr/lib/python3/dist-packages/colcon_core/task/python/colcon_distutils_commands:/home/sivax/pony_quadruped/install/pony_control/lib/python3.12/site-packages:${PYTHONPATH} VIRTUAL_ENV_PROMPT=(py) /usr/bin/python3 -W ignore:setup.py install is deprecated -W ignore:easy_install command is deprecated setup.py egg_info --egg-base ../../build/pony_control build --build-base /home/sivax/pony_quadruped/build/pony_control/build install --record /home/sivax/pony_quadruped/build/pony_control/install.log --single-version-externally-managed install_data
[10.625s] Level 1:colcon.colcon_core.environment:checking '/home/sivax/pony_quadruped/install/pony_control' for CMake module files
[10.628s] Level 1:colcon.colcon_core.environment:checking '/home/sivax/pony_quadruped/install/pony_control' for CMake config files
[10.633s] Level 1:colcon.colcon_core.environment:checking '/home/sivax/pony_quadruped/install/pony_control/lib'
[10.634s] Level 1:colcon.colcon_core.environment:checking '/home/sivax/pony_quadruped/install/pony_control/bin'
[10.635s] Level 1:colcon.colcon_core.shell:create_environment_hook('pony_control', 'path')
[10.635s] INFO:colcon.colcon_core.shell:Creating environment hook '/home/sivax/pony_quadruped/install/pony_control/share/pony_control/hook/path.ps1'
[10.638s] INFO:colcon.colcon_core.shell:Creating environment descriptor '/home/sivax/pony_quadruped/install/pony_control/share/pony_control/hook/path.dsv'
[10.639s] INFO:colcon.colcon_core.shell:Creating environment hook '/home/sivax/pony_quadruped/install/pony_control/share/pony_control/hook/path.sh'
[10.641s] Level 1:colcon.colcon_core.environment:checking '/home/sivax/pony_quadruped/install/pony_control/lib/pkgconfig/pony_control.pc'
[10.642s] Level 1:colcon.colcon_core.environment:checking '/home/sivax/pony_quadruped/install/pony_control/lib/python3.12/site-packages'
[10.643s] Level 1:colcon.colcon_core.shell:create_environment_hook('pony_control', 'pythonpath')
[10.644s] INFO:colcon.colcon_core.shell:Creating environment hook '/home/sivax/pony_quadruped/install/pony_control/share/pony_control/hook/pythonpath.ps1'
[10.646s] INFO:colcon.colcon_core.shell:Creating environment descriptor '/home/sivax/pony_quadruped/install/pony_control/share/pony_control/hook/pythonpath.dsv'
[10.648s] INFO:colcon.colcon_core.shell:Creating environment hook '/home/sivax/pony_quadruped/install/pony_control/share/pony_control/hook/pythonpath.sh'
[10.650s] Level 1:colcon.colcon_core.environment:checking '/home/sivax/pony_quadruped/install/pony_control/bin'
[10.652s] Level 1:colcon.colcon_core.shell:create_environment_hook('pony_control', 'pythonscriptspath')
[10.653s] INFO:colcon.colcon_core.shell:Creating environment hook '/home/sivax/pony_quadruped/install/pony_control/share/pony_control/hook/pythonscriptspath.ps1'
[10.655s] INFO:colcon.colcon_core.shell:Creating environment descriptor '/home/sivax/pony_quadruped/install/pony_control/share/pony_control/hook/pythonscriptspath.dsv'
[10.658s] INFO:colcon.colcon_core.shell:Creating environment hook '/home/sivax/pony_quadruped/install/pony_control/share/pony_control/hook/pythonscriptspath.sh'
[10.660s] Level 1:colcon.colcon_core.environment:create_environment_scripts_only(pony_control)
[10.661s] INFO:colcon.colcon_core.shell:Creating package script '/home/sivax/pony_quadruped/install/pony_control/share/pony_control/package.ps1'
[10.665s] INFO:colcon.colcon_core.shell:Creating package descriptor '/home/sivax/pony_quadruped/install/pony_control/share/pony_control/package.dsv'
[10.674s] INFO:colcon.colcon_core.shell:Creating package script '/home/sivax/pony_quadruped/install/pony_control/share/pony_control/package.sh'
[10.688s] INFO:colcon.colcon_core.shell:Creating package script '/home/sivax/pony_quadruped/install/pony_control/share/pony_control/package.bash'
[10.694s] INFO:colcon.colcon_core.shell:Creating package script '/home/sivax/pony_quadruped/install/pony_control/share/pony_control/package.zsh'
[10.697s] Level 1:colcon.colcon_core.environment:create_file_with_runtime_dependencies(/home/sivax/pony_quadruped/install/pony_control/share/colcon-core/packages/pony_control)
[10.699s] DEBUG:colcon.colcon_parallel_executor.executor.parallel:closing loop
[10.701s] DEBUG:colcon.colcon_parallel_executor.executor.parallel:loop closed
[10.702s] DEBUG:colcon.colcon_parallel_executor.executor.parallel:run_until_complete finished with '0'
[10.702s] DEBUG:colcon.colcon_core.event_reactor:joining thread
[10.728s] INFO:colcon.colcon_core.plugin_system:Skipping extension 'colcon_notification.desktop_notification.terminal_notifier': Not used on non-Darwin systems
[10.729s] INFO:colcon.colcon_core.plugin_system:Skipping extension 'colcon_notification.desktop_notification.win32': Not used on non-Windows systems
[10.729s] INFO:colcon.colcon_notification.desktop_notification:Sending desktop notification using 'notify2'
[10.863s] DEBUG:colcon.colcon_core.event_reactor:joined thread
[10.864s] INFO:colcon.colcon_core.shell:Creating prefix script '/home/sivax/pony_quadruped/install/local_setup.ps1'
[10.868s] INFO:colcon.colcon_core.shell:Creating prefix util module '/home/sivax/pony_quadruped/install/_local_setup_util_ps1.py'
[10.874s] INFO:colcon.colcon_core.shell:Creating prefix chain script '/home/sivax/pony_quadruped/install/setup.ps1'
[10.880s] INFO:colcon.colcon_core.shell:Creating prefix script '/home/sivax/pony_quadruped/install/local_setup.sh'
[10.884s] INFO:colcon.colcon_core.shell:Creating prefix util module '/home/sivax/pony_quadruped/install/_local_setup_util_sh.py'
[10.888s] INFO:colcon.colcon_core.shell:Creating prefix chain script '/home/sivax/pony_quadruped/install/setup.sh'
[10.893s] INFO:colcon.colcon_core.shell:Creating prefix script '/home/sivax/pony_quadruped/install/local_setup.bash'
[10.896s] INFO:colcon.colcon_core.shell:Creating prefix chain script '/home/sivax/pony_quadruped/install/setup.bash'
[10.901s] INFO:colcon.colcon_core.shell:Creating prefix script '/home/sivax/pony_quadruped/install/local_setup.zsh'
[10.904s] INFO:colcon.colcon_core.shell:Creating prefix chain script '/home/sivax/pony_quadruped/install/setup.zsh'
