[8.960s] Invoking command in '/home/sivax/pony_quadruped/src/pony_control': DEBUGINFOD_URLS=https://debuginfod.ubuntu.com PS1=(py) \[\e]0;\u@\h: \w\a\]${debian_chroot:+($debian_chroot)}\[\033[01;32m\]\u@\h\[\033[00m\]:\[\033[01;34m\]\w\[\033[00m\]\$ PYTHONPATH=/home/sivax/pony_quadruped/build/pony_control/prefix_override:/usr/lib/python3/dist-packages/colcon_core/task/python/colcon_distutils_commands:/home/sivax/pony_quadruped/install/pony_control/lib/python3.12/site-packages:${PYTHONPATH} VIRTUAL_ENV_PROMPT=(py) /usr/bin/python3 -W ignore:setup.py install is deprecated -W ignore:easy_install command is deprecated setup.py egg_info --egg-base ../../build/pony_control build --build-base /home/sivax/pony_quadruped/build/pony_control/build install --record /home/sivax/pony_quadruped/build/pony_control/install.log --single-version-externally-managed install_data
[11.883s] running egg_info
[12.053s] writing ../../build/pony_control/pony_control.egg-info/PKG-INFO
[12.054s] writing dependency_links to ../../build/pony_control/pony_control.egg-info/dependency_links.txt
[12.057s] writing entry points to ../../build/pony_control/pony_control.egg-info/entry_points.txt
[12.058s] writing requirements to ../../build/pony_control/pony_control.egg-info/requires.txt
[12.059s] writing top-level names to ../../build/pony_control/pony_control.egg-info/top_level.txt
[12.366s] reading manifest file '../../build/pony_control/pony_control.egg-info/SOURCES.txt'
[12.376s] writing manifest file '../../build/pony_control/pony_control.egg-info/SOURCES.txt'
[12.377s] running build
[12.386s] running build_py
[12.393s] running install
[12.422s] running install_lib
[12.542s] running install_data
[12.543s] copying resource/pony_control -> /home/sivax/pony_quadruped/install/pony_control/share/ament_index/resource_index/packages
[12.545s] running install_egg_info
[12.678s] removing '/home/sivax/pony_quadruped/install/pony_control/lib/python3.12/site-packages/pony_control-1.0.0-py3.12.egg-info' (and everything under it)
[12.683s] Copying ../../build/pony_control/pony_control.egg-info to /home/sivax/pony_quadruped/install/pony_control/lib/python3.12/site-packages/pony_control-1.0.0-py3.12.egg-info
[12.703s] running install_scripts
[13.655s] Installing quadruped_control script to /home/sivax/pony_quadruped/install/pony_control/bin
[13.657s] Installing test_single_leg script to /home/sivax/pony_quadruped/install/pony_control/bin
[13.658s] Installing test_single_motor script to /home/sivax/pony_quadruped/install/pony_control/bin
[13.660s] writing list of installed files to '/home/sivax/pony_quadruped/build/pony_control/install.log'
[13.945s] Invoked command in '/home/sivax/pony_quadruped/src/pony_control' returned '0': DEBUGINFOD_URLS=https://debuginfod.ubuntu.com PS1=(py) \[\e]0;\u@\h: \w\a\]${debian_chroot:+($debian_chroot)}\[\033[01;32m\]\u@\h\[\033[00m\]:\[\033[01;34m\]\w\[\033[00m\]\$ PYTHONPATH=/home/sivax/pony_quadruped/build/pony_control/prefix_override:/usr/lib/python3/dist-packages/colcon_core/task/python/colcon_distutils_commands:/home/sivax/pony_quadruped/install/pony_control/lib/python3.12/site-packages:${PYTHONPATH} VIRTUAL_ENV_PROMPT=(py) /usr/bin/python3 -W ignore:setup.py install is deprecated -W ignore:easy_install command is deprecated setup.py egg_info --egg-base ../../build/pony_control build --build-base /home/sivax/pony_quadruped/build/pony_control/build install --record /home/sivax/pony_quadruped/build/pony_control/install.log --single-version-externally-managed install_data
