[1.161s] DEBUG:colcon:Command line arguments: ['/usr/bin/colcon', 'build', '--packages-select', 'pony_control']
[1.162s] DEBUG:colcon:Parsed command line arguments: Namespace(log_base=None, log_level=None, verb_name='build', build_base='build', install_base='install', merge_install=False, symlink_install=False, test_result_base=None, continue_on_error=False, executor='parallel', parallel_workers=4, event_handlers=None, ignore_user_meta=False, metas=['./colcon.meta'], base_paths=['.'], packages_ignore=None, packages_ignore_regex=None, paths=None, packages_up_to=None, packages_up_to_regex=None, packages_above=None, packages_above_and_dependencies=None, packages_above_depth=None, packages_select_by_dep=None, packages_skip_by_dep=None, packages_skip_up_to=None, packages_select_build_failed=False, packages_skip_build_finished=False, packages_select_test_failures=False, packages_skip_test_passed=False, packages_select=['pony_control'], packages_skip=None, packages_select_regex=None, packages_skip_regex=None, packages_start=None, packages_end=None, allow_overriding=[], cmake_args=None, cmake_target=None, cmake_target_skip_unavailable=False, cmake_clean_cache=False, cmake_clean_first=False, cmake_force_configure=False, ament_cmake_args=None, catkin_cmake_args=None, catkin_skip_building_tests=False, verb_parser=<colcon_defaults.argument_parser.defaults.DefaultArgumentsDecorator object at 0xffffb0ab1d60>, verb_extension=<colcon_core.verb.build.BuildVerb object at 0xffffb150e780>, main=<bound method BuildVerb.main of <colcon_core.verb.build.BuildVerb object at 0xffffb150e780>>)
[1.658s] Level 1:colcon.colcon_core.package_discovery:discover_packages(colcon_meta) check parameters
[1.659s] Level 1:colcon.colcon_core.package_discovery:discover_packages(recursive) check parameters
[1.659s] Level 1:colcon.colcon_core.package_discovery:discover_packages(ignore) check parameters
[1.659s] Level 1:colcon.colcon_core.package_discovery:discover_packages(path) check parameters
[1.659s] Level 1:colcon.colcon_core.package_discovery:discover_packages(colcon_meta) discover
[1.660s] Level 1:colcon.colcon_core.package_discovery:discover_packages(recursive) discover
[1.660s] INFO:colcon.colcon_core.package_discovery:Crawling recursively for packages in '/home/sivax/pony_quadruped'
[1.661s] Level 1:colcon.colcon_core.package_identification:_identify(.) by extensions ['ignore', 'ignore_ament_install']
[1.661s] Level 1:colcon.colcon_core.package_identification:_identify(.) by extension 'ignore'
[1.661s] Level 1:colcon.colcon_core.package_identification:_identify(.) by extension 'ignore_ament_install'
[1.662s] Level 1:colcon.colcon_core.package_identification:_identify(.) by extensions ['colcon_pkg']
[1.662s] Level 1:colcon.colcon_core.package_identification:_identify(.) by extension 'colcon_pkg'
[1.662s] Level 1:colcon.colcon_core.package_identification:_identify(.) by extensions ['colcon_meta']
[1.663s] Level 1:colcon.colcon_core.package_identification:_identify(.) by extension 'colcon_meta'
[1.663s] Level 1:colcon.colcon_core.package_identification:_identify(.) by extensions ['ros']
[1.663s] Level 1:colcon.colcon_core.package_identification:_identify(.) by extension 'ros'
[1.831s] Level 1:colcon.colcon_core.package_identification:_identify(.) by extensions ['cmake', 'python']
[1.832s] Level 1:colcon.colcon_core.package_identification:_identify(.) by extension 'cmake'
[1.832s] Level 1:colcon.colcon_core.package_identification:_identify(.) by extension 'python'
[1.832s] Level 1:colcon.colcon_core.package_identification:_identify(.) by extensions ['python_setup_py']
[1.832s] Level 1:colcon.colcon_core.package_identification:_identify(.) by extension 'python_setup_py'
[1.833s] Level 1:colcon.colcon_core.package_identification:_identify(build) by extensions ['ignore', 'ignore_ament_install']
[1.833s] Level 1:colcon.colcon_core.package_identification:_identify(build) by extension 'ignore'
[1.834s] Level 1:colcon.colcon_core.package_identification:_identify(build) ignored
[1.834s] Level 1:colcon.colcon_core.package_identification:_identify(install) by extensions ['ignore', 'ignore_ament_install']
[1.835s] Level 1:colcon.colcon_core.package_identification:_identify(install) by extension 'ignore'
[1.835s] Level 1:colcon.colcon_core.package_identification:_identify(install) ignored
[1.836s] Level 1:colcon.colcon_core.package_identification:_identify(log) by extensions ['ignore', 'ignore_ament_install']
[1.836s] Level 1:colcon.colcon_core.package_identification:_identify(log) by extension 'ignore'
[1.837s] Level 1:colcon.colcon_core.package_identification:_identify(log) ignored
[1.837s] Level 1:colcon.colcon_core.package_identification:_identify(src) by extensions ['ignore', 'ignore_ament_install']
[1.837s] Level 1:colcon.colcon_core.package_identification:_identify(src) by extension 'ignore'
[1.838s] Level 1:colcon.colcon_core.package_identification:_identify(src) by extension 'ignore_ament_install'
[1.838s] Level 1:colcon.colcon_core.package_identification:_identify(src) by extensions ['colcon_pkg']
[1.838s] Level 1:colcon.colcon_core.package_identification:_identify(src) by extension 'colcon_pkg'
[1.839s] Level 1:colcon.colcon_core.package_identification:_identify(src) by extensions ['colcon_meta']
[1.839s] Level 1:colcon.colcon_core.package_identification:_identify(src) by extension 'colcon_meta'
[1.839s] Level 1:colcon.colcon_core.package_identification:_identify(src) by extensions ['ros']
[1.839s] Level 1:colcon.colcon_core.package_identification:_identify(src) by extension 'ros'
[1.839s] Level 1:colcon.colcon_core.package_identification:_identify(src) by extensions ['cmake', 'python']
[1.840s] Level 1:colcon.colcon_core.package_identification:_identify(src) by extension 'cmake'
[1.840s] Level 1:colcon.colcon_core.package_identification:_identify(src) by extension 'python'
[1.840s] Level 1:colcon.colcon_core.package_identification:_identify(src) by extensions ['python_setup_py']
[1.840s] Level 1:colcon.colcon_core.package_identification:_identify(src) by extension 'python_setup_py'
[1.841s] Level 1:colcon.colcon_core.package_identification:_identify(src/pony_control) by extensions ['ignore', 'ignore_ament_install']
[1.841s] Level 1:colcon.colcon_core.package_identification:_identify(src/pony_control) by extension 'ignore'
[1.841s] Level 1:colcon.colcon_core.package_identification:_identify(src/pony_control) by extension 'ignore_ament_install'
[1.842s] Level 1:colcon.colcon_core.package_identification:_identify(src/pony_control) by extensions ['colcon_pkg']
[1.842s] Level 1:colcon.colcon_core.package_identification:_identify(src/pony_control) by extension 'colcon_pkg'
[1.842s] Level 1:colcon.colcon_core.package_identification:_identify(src/pony_control) by extensions ['colcon_meta']
[1.842s] Level 1:colcon.colcon_core.package_identification:_identify(src/pony_control) by extension 'colcon_meta'
[1.843s] Level 1:colcon.colcon_core.package_identification:_identify(src/pony_control) by extensions ['ros']
[1.843s] Level 1:colcon.colcon_core.package_identification:_identify(src/pony_control) by extension 'ros'
[1.863s] DEBUG:colcon.colcon_core.package_identification:Package 'src/pony_control' with type 'ros.ament_python' and name 'pony_control'
[1.864s] Level 1:colcon.colcon_core.package_discovery:discover_packages(recursive) using defaults
[1.864s] Level 1:colcon.colcon_core.package_discovery:discover_packages(ignore) discover
[1.864s] Level 1:colcon.colcon_core.package_discovery:discover_packages(ignore) using defaults
[1.864s] Level 1:colcon.colcon_core.package_discovery:discover_packages(path) discover
[1.864s] Level 1:colcon.colcon_core.package_discovery:discover_packages(path) using defaults
[1.992s] Level 1:colcon.colcon_core.package_discovery:discover_packages(prefix_path) check parameters
[1.993s] Level 1:colcon.colcon_core.package_discovery:discover_packages(prefix_path) discover
[2.010s] DEBUG:colcon.colcon_installed_package_information.package_discovery:Found 1 installed packages in /home/sivax/pony_quadruped/install
[2.022s] DEBUG:colcon.colcon_installed_package_information.package_discovery:Found 286 installed packages in /opt/ros/jazzy
[2.026s] Level 1:colcon.colcon_core.package_discovery:discover_packages(prefix_path) using defaults
[2.249s] Level 5:colcon.colcon_core.verb:set package 'pony_control' build argument 'cmake_args' from command line to 'None'
[2.250s] Level 5:colcon.colcon_core.verb:set package 'pony_control' build argument 'cmake_target' from command line to 'None'
[2.250s] Level 5:colcon.colcon_core.verb:set package 'pony_control' build argument 'cmake_target_skip_unavailable' from command line to 'False'
[2.250s] Level 5:colcon.colcon_core.verb:set package 'pony_control' build argument 'cmake_clean_cache' from command line to 'False'
[2.250s] Level 5:colcon.colcon_core.verb:set package 'pony_control' build argument 'cmake_clean_first' from command line to 'False'
[2.250s] Level 5:colcon.colcon_core.verb:set package 'pony_control' build argument 'cmake_force_configure' from command line to 'False'
[2.250s] Level 5:colcon.colcon_core.verb:set package 'pony_control' build argument 'ament_cmake_args' from command line to 'None'
[2.250s] Level 5:colcon.colcon_core.verb:set package 'pony_control' build argument 'catkin_cmake_args' from command line to 'None'
[2.250s] Level 5:colcon.colcon_core.verb:set package 'pony_control' build argument 'catkin_skip_building_tests' from command line to 'False'
[2.251s] DEBUG:colcon.colcon_core.verb:Building package 'pony_control' with the following arguments: {'ament_cmake_args': None, 'build_base': '/home/sivax/pony_quadruped/build/pony_control', 'catkin_cmake_args': None, 'catkin_skip_building_tests': False, 'cmake_args': None, 'cmake_clean_cache': False, 'cmake_clean_first': False, 'cmake_force_configure': False, 'cmake_target': None, 'cmake_target_skip_unavailable': False, 'install_base': '/home/sivax/pony_quadruped/install/pony_control', 'merge_install': False, 'path': '/home/sivax/pony_quadruped/src/pony_control', 'symlink_install': False, 'test_result_base': None}
[2.251s] INFO:colcon.colcon_core.executor:Executing jobs using 'parallel' executor
[2.255s] DEBUG:colcon.colcon_parallel_executor.executor.parallel:run_until_complete
[2.256s] INFO:colcon.colcon_ros.task.ament_python.build:Building ROS package in '/home/sivax/pony_quadruped/src/pony_control' with build type 'ament_python'
[2.257s] Level 1:colcon.colcon_core.shell:create_environment_hook('pony_control', 'ament_prefix_path')
[2.339s] INFO:colcon.colcon_core.plugin_system:Skipping extension 'colcon_core.shell.bat': Not used on non-Windows systems
[2.342s] INFO:colcon.colcon_core.shell:Creating environment hook '/home/sivax/pony_quadruped/install/pony_control/share/pony_control/hook/ament_prefix_path.ps1'
[2.349s] INFO:colcon.colcon_core.shell:Creating environment descriptor '/home/sivax/pony_quadruped/install/pony_control/share/pony_control/hook/ament_prefix_path.dsv'
[2.353s] INFO:colcon.colcon_core.shell:Creating environment hook '/home/sivax/pony_quadruped/install/pony_control/share/pony_control/hook/ament_prefix_path.sh'
[2.359s] INFO:colcon.colcon_core.shell:Skip shell extension 'powershell' for command environment: Not usable outside of PowerShell
[2.359s] DEBUG:colcon.colcon_core.shell:Skip shell extension 'dsv' for command environment
[3.797s] INFO:colcon.colcon_core.task.python.build:Building Python package in '/home/sivax/pony_quadruped/src/pony_control'
[3.801s] INFO:colcon.colcon_core.shell:Skip shell extension 'powershell' for command environment: Not usable outside of PowerShell
[3.803s] DEBUG:colcon.colcon_core.shell:Skip shell extension 'dsv' for command environment
[9.127s] DEBUG:colcon.colcon_core.event_handler.log_command:Invoking command in '/home/sivax/pony_quadruped/src/pony_control': DEBUGINFOD_URLS=https://debuginfod.ubuntu.com PS1=(py) \[\e]0;\u@\h: \w\a\]${debian_chroot:+($debian_chroot)}\[\033[01;32m\]\u@\h\[\033[00m\]:\[\033[01;34m\]\w\[\033[00m\]\$ PYTHONPATH=/home/sivax/pony_quadruped/build/pony_control/prefix_override:/usr/lib/python3/dist-packages/colcon_core/task/python/colcon_distutils_commands:/home/sivax/pony_quadruped/install/pony_control/lib/python3.12/site-packages:${PYTHONPATH} VIRTUAL_ENV_PROMPT=(py) /usr/bin/python3 -W ignore:setup.py install is deprecated -W ignore:easy_install command is deprecated setup.py egg_info --egg-base ../../build/pony_control build --build-base /home/sivax/pony_quadruped/build/pony_control/build install --record /home/sivax/pony_quadruped/build/pony_control/install.log --single-version-externally-managed install_data
[12.951s] DEBUG:colcon.colcon_core.event_handler.log_command:Invoked command in '/home/sivax/pony_quadruped/src/pony_control' returned '0': DEBUGINFOD_URLS=https://debuginfod.ubuntu.com PS1=(py) \[\e]0;\u@\h: \w\a\]${debian_chroot:+($debian_chroot)}\[\033[01;32m\]\u@\h\[\033[00m\]:\[\033[01;34m\]\w\[\033[00m\]\$ PYTHONPATH=/home/sivax/pony_quadruped/build/pony_control/prefix_override:/usr/lib/python3/dist-packages/colcon_core/task/python/colcon_distutils_commands:/home/sivax/pony_quadruped/install/pony_control/lib/python3.12/site-packages:${PYTHONPATH} VIRTUAL_ENV_PROMPT=(py) /usr/bin/python3 -W ignore:setup.py install is deprecated -W ignore:easy_install command is deprecated setup.py egg_info --egg-base ../../build/pony_control build --build-base /home/sivax/pony_quadruped/build/pony_control/build install --record /home/sivax/pony_quadruped/build/pony_control/install.log --single-version-externally-managed install_data
[12.978s] Level 1:colcon.colcon_core.environment:checking '/home/sivax/pony_quadruped/install/pony_control' for CMake module files
[12.982s] Level 1:colcon.colcon_core.environment:checking '/home/sivax/pony_quadruped/install/pony_control' for CMake config files
[12.988s] Level 1:colcon.colcon_core.environment:checking '/home/sivax/pony_quadruped/install/pony_control/lib'
[12.989s] Level 1:colcon.colcon_core.environment:checking '/home/sivax/pony_quadruped/install/pony_control/bin'
[12.989s] Level 1:colcon.colcon_core.shell:create_environment_hook('pony_control', 'path')
[12.992s] INFO:colcon.colcon_core.shell:Creating environment hook '/home/sivax/pony_quadruped/install/pony_control/share/pony_control/hook/path.ps1'
[13.001s] INFO:colcon.colcon_core.shell:Creating environment descriptor '/home/sivax/pony_quadruped/install/pony_control/share/pony_control/hook/path.dsv'
[13.010s] INFO:colcon.colcon_core.shell:Creating environment hook '/home/sivax/pony_quadruped/install/pony_control/share/pony_control/hook/path.sh'
[13.016s] Level 1:colcon.colcon_core.environment:checking '/home/sivax/pony_quadruped/install/pony_control/lib/pkgconfig/pony_control.pc'
[13.017s] Level 1:colcon.colcon_core.environment:checking '/home/sivax/pony_quadruped/install/pony_control/lib/python3.12/site-packages'
[13.019s] Level 1:colcon.colcon_core.shell:create_environment_hook('pony_control', 'pythonpath')
[13.020s] INFO:colcon.colcon_core.shell:Creating environment hook '/home/sivax/pony_quadruped/install/pony_control/share/pony_control/hook/pythonpath.ps1'
[13.024s] INFO:colcon.colcon_core.shell:Creating environment descriptor '/home/sivax/pony_quadruped/install/pony_control/share/pony_control/hook/pythonpath.dsv'
[13.027s] INFO:colcon.colcon_core.shell:Creating environment hook '/home/sivax/pony_quadruped/install/pony_control/share/pony_control/hook/pythonpath.sh'
[13.030s] Level 1:colcon.colcon_core.environment:checking '/home/sivax/pony_quadruped/install/pony_control/bin'
[13.031s] Level 1:colcon.colcon_core.shell:create_environment_hook('pony_control', 'pythonscriptspath')
[13.032s] INFO:colcon.colcon_core.shell:Creating environment hook '/home/sivax/pony_quadruped/install/pony_control/share/pony_control/hook/pythonscriptspath.ps1'
[13.034s] INFO:colcon.colcon_core.shell:Creating environment descriptor '/home/sivax/pony_quadruped/install/pony_control/share/pony_control/hook/pythonscriptspath.dsv'
[13.037s] INFO:colcon.colcon_core.shell:Creating environment hook '/home/sivax/pony_quadruped/install/pony_control/share/pony_control/hook/pythonscriptspath.sh'
[13.041s] Level 1:colcon.colcon_core.environment:create_environment_scripts_only(pony_control)
[13.044s] INFO:colcon.colcon_core.shell:Creating package script '/home/sivax/pony_quadruped/install/pony_control/share/pony_control/package.ps1'
[13.056s] INFO:colcon.colcon_core.shell:Creating package descriptor '/home/sivax/pony_quadruped/install/pony_control/share/pony_control/package.dsv'
[13.064s] INFO:colcon.colcon_core.shell:Creating package script '/home/sivax/pony_quadruped/install/pony_control/share/pony_control/package.sh'
[13.070s] INFO:colcon.colcon_core.shell:Creating package script '/home/sivax/pony_quadruped/install/pony_control/share/pony_control/package.bash'
[13.075s] INFO:colcon.colcon_core.shell:Creating package script '/home/sivax/pony_quadruped/install/pony_control/share/pony_control/package.zsh'
[13.080s] Level 1:colcon.colcon_core.environment:create_file_with_runtime_dependencies(/home/sivax/pony_quadruped/install/pony_control/share/colcon-core/packages/pony_control)
[13.082s] DEBUG:colcon.colcon_parallel_executor.executor.parallel:closing loop
[13.084s] DEBUG:colcon.colcon_parallel_executor.executor.parallel:loop closed
[13.085s] DEBUG:colcon.colcon_parallel_executor.executor.parallel:run_until_complete finished with '0'
[13.086s] DEBUG:colcon.colcon_core.event_reactor:joining thread
[13.137s] INFO:colcon.colcon_core.plugin_system:Skipping extension 'colcon_notification.desktop_notification.terminal_notifier': Not used on non-Darwin systems
[13.138s] INFO:colcon.colcon_core.plugin_system:Skipping extension 'colcon_notification.desktop_notification.win32': Not used on non-Windows systems
[13.139s] INFO:colcon.colcon_notification.desktop_notification:Sending desktop notification using 'notify2'
[13.312s] DEBUG:colcon.colcon_core.event_reactor:joined thread
[13.314s] INFO:colcon.colcon_core.shell:Creating prefix script '/home/sivax/pony_quadruped/install/local_setup.ps1'
[13.320s] INFO:colcon.colcon_core.shell:Creating prefix util module '/home/sivax/pony_quadruped/install/_local_setup_util_ps1.py'
[13.328s] INFO:colcon.colcon_core.shell:Creating prefix chain script '/home/sivax/pony_quadruped/install/setup.ps1'
[13.335s] INFO:colcon.colcon_core.shell:Creating prefix script '/home/sivax/pony_quadruped/install/local_setup.sh'
[13.340s] INFO:colcon.colcon_core.shell:Creating prefix util module '/home/sivax/pony_quadruped/install/_local_setup_util_sh.py'
[13.344s] INFO:colcon.colcon_core.shell:Creating prefix chain script '/home/sivax/pony_quadruped/install/setup.sh'
[13.350s] INFO:colcon.colcon_core.shell:Creating prefix script '/home/sivax/pony_quadruped/install/local_setup.bash'
[13.355s] INFO:colcon.colcon_core.shell:Creating prefix chain script '/home/sivax/pony_quadruped/install/setup.bash'
[13.363s] INFO:colcon.colcon_core.shell:Creating prefix script '/home/sivax/pony_quadruped/install/local_setup.zsh'
[13.370s] INFO:colcon.colcon_core.shell:Creating prefix chain script '/home/sivax/pony_quadruped/install/setup.zsh'
